Oct 12, 2022 8:25:29 PM com.hotplate.hotplate.PreLaunchCheck checkSpecs
INFO: 
java.specification.version 15
javafx.runtime.version 15.0.1+1
sun.cpu.isalist amd64
sun.jnu.encoding Cp1252
java.class.path C:\Users\Syste\.m2\repository\com\google\protobuf\protobuf-java\3.19.4\protobuf-java-3.19.4.jar;C:\Users\Syste\.m2\repository\org\openjfx\javafx-controls\15.0.1\javafx-controls-15.0.1.jar;C:\Users\Syste\.m2\repository\org\openjfx\javafx-graphics\15.0.1\javafx-graphics-15.0.1.jar;C:\Users\Syste\.m2\repository\org\openjfx\javafx-base\15.0.1\javafx-base-15.0.1.jar;C:\Users\Syste\.m2\repository\org\openjfx\javafx-fxml\15.0.1\javafx-fxml-15.0.1.jar
java.vm.vendor Oracle Corporation
sun.arch.data.model 64
user.variant 
java.vendor.url https://java.oracle.com/
java.vm.specification.version 15
os.name Windows 10
javafx.version 15.0.1
sun.java.launcher SUN_STANDARD
user.country US
sun.boot.library.path C:\Users\Syste\.jdks\openjdk-15.0.2\bin
sun.java.command com.hotplate.hotplate/com.hotplate.hotplate.HotPlateApp
jdk.debug release
sun.cpu.endian little
user.home C:\Users\Syste
user.language en
java.specification.vendor Oracle Corporation
jdk.module.path C:\Users\Syste\.m2\repository\org\openjfx\javafx-fxml\15.0.1\javafx-fxml-15.0.1-win.jar;C:\Users\Syste\.m2\repository\org\openjfx\javafx-base\15.0.1\javafx-base-15.0.1-win.jar;C:\Users\Syste\.m2\repository\org\openjfx\javafx-graphics\15.0.1\javafx-graphics-15.0.1-win.jar;C:\Users\Syste\Documents\IdeaProjects\HotPlate-Waitlist-Managereff\target\classes;C:\Users\Syste\.m2\repository\mysql\mysql-connector-java\8.0.30\mysql-connector-java-8.0.30.jar;C:\Users\Syste\.m2\repository\org\openjfx\javafx-controls\15.0.1\javafx-controls-15.0.1-win.jar
java.version.date 2021-01-19
java.home C:\Users\Syste\.jdks\openjdk-15.0.2
file.separator \
java.vm.compressedOopsMode Zero based
line.separator 

java.vm.specification.vendor Oracle Corporation
java.specification.name Java Platform API Specification
jdk.module.main.class com.hotplate.hotplate.HotPlateApp
jdk.module.main com.hotplate.hotplate
user.script 
sun.management.compiler HotSpot 64-Bit Tiered Compilers
java.runtime.version 15.0.2+7-27
user.name Syste
path.separator ;
os.version 10.0
java.runtime.name OpenJDK Runtime Environment
file.encoding UTF-8
java.vm.name OpenJDK 64-Bit Server VM
java.vendor.url.bug https://bugreport.java.com/bugreport/
java.io.tmpdir C:\Users\Syste\AppData\Local\Temp\
java.version 15.0.2
user.dir C:\Users\Syste\Documents\IdeaProjects\HotPlate-Waitlist-Managereff
os.arch amd64
java.vm.specification.name Java Virtual Machine Specification
sun.os.patch.level 
java.library.path C:\Users\Syste\.jdks\openjdk-15.0.2\bin;C:\Windows\Sun\Java\bin;C:\Windows\system32;C:\Windows;C:\Program Files\Microsoft\jdk-11.0.12.7-hotspot\bin;C:\Program Files (x86)\Razer Chroma SDK\bin;C:\Program Files\Razer Chroma SDK\bin;C:\Program Files (x86)\Razer\ChromaBroadcast\bin;C:\Program Files\Razer\ChromaBroadcast\bin;C:\Program Files (x86)\Common Files\Oracle\Java\javapath;C:\Program Files (x86)\Common Files\Intel\Shared Libraries\redist\intel64\compiler;C:\Windows\system32;C:\Windows;C:\Windows\System32\Wbem;C:\Windows\System32\WindowsPowerShell\v1.0\;C:\Windows\System32\OpenSSH\;C:\Program Files\NVIDIA Corporation\NVIDIA NvDLISR;C:\Program Files (x86)\NVIDIA Corporation\PhysX\Common;D:\bin;C:\Windows\system32\config\systemprofile\AppData\Local\Microsoft\WindowsApps;C:\Program Files\Git\cmd;C:\Program Files\Microsoft\Azure Functions Core Tools\;C:\Program Files\Amazon\AWSSAMCLI\bin\;C:\Program Files\Docker\Docker\resources\bin;C:\ProgramData\DockerDesktop\version-bin;C:\Program Files\Microsoft SQL Server\150\Tools\Binn\;C:\Program Files\dotnet\;C:\Program Files\MySQL\MySQL Server 8.0\bin;C:\Users\Syste\AppData\Local\Programs\Python\Python310;C:\Program Files\nodejs\;C:\Program Files\MySQL\MySQL Shell 8.0\bin\;C:\Program Files\Java\openjdk-11.0.16_8\bin\javac.exe;C:\Program Files (x86)\twilio-cli\bin;C:\Users\Syste\.dotnet\tools;C:\Program Files\MySQL\MySQL Server 8.0\bin;C:\Users\Syste\AppData\Local\Programs\Python\Python310;C:\Users\Syste\AppData\Roaming\npm;.
java.vm.info mixed mode, sharing
java.vendor Oracle Corporation
java.vm.version 15.0.2+7-27
sun.io.unicode.encoding UnicodeLittle
java.class.version 59.0
Free Memory: 512707144
Total Memory: 536870912
Max Memory: 8573157376
Available Cores: 12
Oct 12, 2022 8:25:30 PM com.hotplate.hotplate.PreLaunchCheck checkSpecs
INFO: [Success] Java version is up to date
Oct 12, 2022 8:25:30 PM com.hotplate.hotplate.PreLaunchCheck checkFiles
INFO: [Start] Scanning all required FXML Files
Oct 12, 2022 8:25:30 PM com.hotplate.hotplate.PreLaunchCheck checkFiles
INFO: [Success] All FXML files are present
Oct 12, 2022 8:25:30 PM com.hotplate.hotplate.PreLaunchCheck checkFiles
INFO: [Start] Scanning all required Java class files
Oct 12, 2022 8:25:30 PM com.hotplate.hotplate.PreLaunchCheck checkFiles
INFO: [Success] All Java class files are present
Oct 12, 2022 8:25:30 PM com.hotplate.hotplate.HotPlateApp start
INFO: [Starting] Hotplate
Oct 12, 2022 8:25:30 PM com.hotplate.hotplate.LoadSQL <init>
INFO: [Starting] SQL Connection
Oct 12, 2022 8:25:30 PM com.hotplate.hotplate.LoadSQL loadCustomerData
INFO: [Starting] loading SQL customer data
Oct 12, 2022 8:25:30 PM com.hotplate.hotplate.Customer <init>
INFO: [Creation] New Customer Data Created: Steven,12,09:23 PM,6198182234
Oct 12, 2022 8:25:30 PM com.hotplate.hotplate.Customer <init>
INFO: [Creation] New Customer Data Created: Maverick,1,10:00 PM,6198182123
Oct 12, 2022 8:25:30 PM com.hotplate.hotplate.Customer <init>
INFO: [Creation] New Customer Data Created: Nguyen,3,10:12 PM,6198183342
Oct 12, 2022 8:25:30 PM com.hotplate.hotplate.Customer <init>
INFO: [Creation] New Customer Data Created: Frank,1,10:13 PM,6198184542
Oct 12, 2022 8:25:30 PM com.hotplate.hotplate.Customer <init>
INFO: [Creation] New Customer Data Created: Peter,2,10:15 PM,6198183342
Oct 12, 2022 8:25:30 PM com.hotplate.hotplate.Customer <init>
INFO: [Creation] New Customer Data Created: Ryan,3,10:32 PM,6196423332
Oct 12, 2022 8:25:30 PM com.hotplate.hotplate.Customer <init>
INFO: [Creation] New Customer Data Created: Gustavo,2,10:34 PM,6193943342
Oct 12, 2022 8:25:30 PM com.hotplate.hotplate.LoadSQL loadCustomerData
INFO: [Success] Loading SQL customer data
Oct 12, 2022 8:25:30 PM com.hotplate.hotplate.LoadSQL loadCustomerData
INFO: [Success] SQL Connection
Oct 12, 2022 8:25:30 PM com.hotplate.hotplate.CustomerPortalController initialize
INFO: [Customer Portal] Wait list Size: 7
Oct 12, 2022 8:25:30 PM com.hotplate.hotplate.HotPlateApp launchCustomerPortal
INFO: [Success] Loading Customer's Screen
Oct 12, 2022 8:25:30 PM com.hotplate.hotplate.HotPlateApp start
INFO: [Success] Starting HotPlate
Oct 12, 2022 8:25:36 PM com.hotplate.hotplate.CustomerPortalController pressSignInButton
INFO: [Button] Clicked: Sign In Button
Oct 12, 2022 8:25:37 PM com.hotplate.hotplate.HotPlateApp launchSignInPage
INFO: [Success] Loading Sign In Page
Oct 12, 2022 8:25:42 PM com.hotplate.hotplate.SignInController signInSubmitPress
INFO: [Button] Clicked: javafx.event.ActionEvent[source=Button@6713b60d[styleClass=button]'Submit']
Oct 12, 2022 8:25:42 PM com.hotplate.hotplate.LoadSQL userNameExist
INFO: Searching for username (Primary key)
Oct 12, 2022 8:25:42 PM com.hotplate.hotplate.AlertBox createAlertBox
INFO: [Alert] Alert box was called!
Oct 12, 2022 8:25:44 PM com.hotplate.hotplate.AlertBoxController alertBoxOkClick
INFO: [Button] Clicked: javafx.event.ActionEvent[source=Button@7196e37a[styleClass=button]'Ok']
Oct 12, 2022 8:25:48 PM com.hotplate.hotplate.SignInController signInSubmitPress
INFO: [Button] Clicked: javafx.event.ActionEvent[source=Button@6713b60d[styleClass=button]'Submit']
Oct 12, 2022 8:25:48 PM com.hotplate.hotplate.LoadSQL userNameExist
INFO: Searching for username (Primary key)
Oct 12, 2022 8:25:48 PM com.hotplate.hotplate.LoadSQL loadSQLSettings
INFO: [Success] User has entered the username and password successfully
Oct 12, 2022 8:25:48 PM com.hotplate.hotplate.LoadSQL loadSQLSettings
INFO: [Success] Loaded SQL Settings Data
Oct 12, 2022 8:25:48 PM com.hotplate.hotplate.AdminController initialize
INFO: [Start] Loading Customer's data to table
Oct 12, 2022 8:25:48 PM com.hotplate.hotplate.AdminController setTime
INFO: Starting time
Oct 12, 2022 8:25:48 PM com.hotplate.hotplate.AdminController initialize
INFO: [Success] Customer's data is successfully loaded
Oct 12, 2022 8:25:48 PM com.hotplate.hotplate.HotPlateApp launchAdminPortal
INFO: [Success] Loading Admin Portal
Oct 12, 2022 8:25:52 PM com.hotplate.hotplate.AdminController transferToSettings
INFO: [Button] Clicked: javafx.event.ActionEvent[source=MenuItem@7dde3db2[styleClass=[menu-item]]]
Oct 12, 2022 8:25:52 PM com.hotplate.hotplate.SettingsController initialize
INFO: [Start] Loading settings data
Oct 12, 2022 8:25:52 PM com.hotplate.hotplate.SettingsController initialize
INFO: [Success] Loading settings data
Oct 12, 2022 8:25:52 PM com.hotplate.hotplate.HotPlateApp launchSettings
INFO: [Success] Loading Settings Page
Oct 12, 2022 8:25:54 PM com.hotplate.hotplate.SettingsController settingsSaveButton
INFO: [Button] Clicked: javafx.event.ActionEvent[source=Button@30a3b281[styleClass=button]'Save']
Oct 12, 2022 8:25:54 PM com.hotplate.hotplate.SettingsController settingsSaveButton
INFO: [Start] Saving Settings Data
Oct 12, 2022 8:25:54 PM com.hotplate.hotplate.LoadSQL userNameExist
INFO: Searching for username (Primary key)
Oct 12, 2022 8:25:54 PM com.hotplate.hotplate.LoadSQL saveSQLSettings
INFO: [Starting] Saving Data To SQL
Oct 12, 2022 8:25:54 PM com.hotplate.hotplate.LoadSQL saveSQLSettings
INFO: [Success] Saving Data To SQL
Oct 12, 2022 8:25:54 PM com.hotplate.hotplate.SettingsController settingsSaveButton
INFO: [Success] Saving Settings Data
Oct 12, 2022 8:25:54 PM com.hotplate.hotplate.AdminController initialize
INFO: [Start] Loading Customer's data to table
Oct 12, 2022 8:25:54 PM com.hotplate.hotplate.AdminController setTime
INFO: Starting time
Oct 12, 2022 8:25:54 PM com.hotplate.hotplate.AdminController initialize
INFO: [Success] Customer's data is successfully loaded
Oct 12, 2022 8:25:54 PM com.hotplate.hotplate.HotPlateApp launchAdminPortal
INFO: [Success] Loading Admin Portal
Oct 12, 2022 8:26:01 PM com.hotplate.hotplate.AdminController transferToSettings
INFO: [Button] Clicked: javafx.event.ActionEvent[source=MenuItem@4c5833e6[styleClass=[menu-item]]]
Oct 12, 2022 8:26:01 PM com.hotplate.hotplate.SettingsController initialize
INFO: [Start] Loading settings data
Oct 12, 2022 8:26:01 PM com.hotplate.hotplate.SettingsController initialize
INFO: [Success] Loading settings data
Oct 12, 2022 8:26:01 PM com.hotplate.hotplate.HotPlateApp launchSettings
INFO: [Success] Loading Settings Page
Oct 12, 2022 8:26:09 PM com.hotplate.hotplate.SettingsController settingsSaveButton
INFO: [Button] Clicked: javafx.event.ActionEvent[source=Button@b3a119a[styleClass=button]'Save']
Oct 12, 2022 8:26:09 PM com.hotplate.hotplate.SettingsController settingsSaveButton
INFO: [Start] Saving Settings Data
Oct 12, 2022 8:26:09 PM com.hotplate.hotplate.LoadSQL userNameExist
INFO: Searching for username (Primary key)
Oct 12, 2022 8:26:09 PM com.hotplate.hotplate.LoadSQL saveSQLSettings
INFO: [Starting] Saving Data To SQL
Oct 12, 2022 8:26:09 PM com.hotplate.hotplate.LoadSQL saveSQLSettings
INFO: [Success] Saving Data To SQL
Oct 12, 2022 8:26:09 PM com.hotplate.hotplate.SettingsController settingsSaveButton
INFO: [Success] Saving Settings Data
Oct 12, 2022 8:26:09 PM com.hotplate.hotplate.AdminController initialize
INFO: [Start] Loading Customer's data to table
Oct 12, 2022 8:26:09 PM com.hotplate.hotplate.AdminController setTime
INFO: Starting time
Oct 12, 2022 8:26:09 PM com.hotplate.hotplate.AdminController initialize
INFO: [Success] Customer's data is successfully loaded
Oct 12, 2022 8:26:09 PM com.hotplate.hotplate.HotPlateApp launchAdminPortal
INFO: [Success] Loading Admin Portal
Oct 12, 2022 8:26:25 PM com.hotplate.hotplate.AdminController transferToSettings
INFO: [Button] Clicked: javafx.event.ActionEvent[source=MenuItem@34f9db72[styleClass=[menu-item]]]
Oct 12, 2022 8:26:25 PM com.hotplate.hotplate.SettingsController initialize
INFO: [Start] Loading settings data
Oct 12, 2022 8:26:25 PM com.hotplate.hotplate.SettingsController initialize
INFO: [Success] Loading settings data
Oct 12, 2022 8:26:25 PM com.hotplate.hotplate.HotPlateApp launchSettings
INFO: [Success] Loading Settings Page
Oct 12, 2022 8:26:27 PM com.hotplate.hotplate.SettingsController settingsCancelButton
INFO: [Button] Clicked: javafx.event.ActionEvent[source=Button@c38b6f7[styleClass=button]'Cancel']
Oct 12, 2022 8:26:27 PM com.hotplate.hotplate.AdminController initialize
INFO: [Start] Loading Customer's data to table
Oct 12, 2022 8:26:27 PM com.hotplate.hotplate.AdminController setTime
INFO: Starting time
Oct 12, 2022 8:26:27 PM com.hotplate.hotplate.AdminController initialize
INFO: [Success] Customer's data is successfully loaded
Oct 12, 2022 8:26:27 PM com.hotplate.hotplate.HotPlateApp launchAdminPortal
INFO: [Success] Loading Admin Portal
Oct 12, 2022 8:26:28 PM com.hotplate.hotplate.AdminController lambda$initialize$2
INFO: [Closing] Program is closing
